e:\robot visualization technology\code\opengl\robot visualization technology\classpratice04_textureandfrogandshadow\debug\vc120.pdb
e:\robot visualization technology\code\opengl\robot visualization technology\classpratice04_textureandfrogandshadow\debug\vc120.idb
e:\robot visualization technology\code\opengl\robot visualization technology\classpratice04_textureandfrogandshadow\debug\3ds.obj
e:\robot visualization technology\code\opengl\robot visualization technology\classpratice04_textureandfrogandshadow\debug\chanchetexture.obj
e:\robot visualization technology\code\opengl\robot visualization technology\classpratice04_textureandfrogandshadow\debug\main.obj
e:\robot visualization technology\code\opengl\robot visualization technology\classpratice04_textureandfrogandshadow\debug\gltools.obj
e:\robot visualization technology\code\opengl\robot visualization technology\classpratice04_textureandfrogandshadow\debug\math3d.obj
e:\robot visualization technology\code\opengl\robot visualization technology\classpratice04_textureandfrogandshadow\debug\sphereworldshadow.obj
e:\robot visualization technology\code\opengl\robot visualization technology\classpratice04_textureandfrogandshadow\debug\teapotfrog.obj
e:\robot visualization technology\code\opengl\robot visualization technology\classpratice04_textureandfrogandshadow\debug\teapottexture.obj
e:\robot visualization technology\code\opengl\robot visualization technology\classpratice04_textureandfrogandshadow\debug\texture.obj
e:\robot visualization technology\code\opengl\robot visualization technology\classpratice04_textureandfrogandshadow\debug\glee.obj
e:\robot visualization technology\code\opengl\robot visualization technology\debug\classpratice04_textureandfrogandshadow.ilk
e:\robot visualization technology\code\opengl\robot visualization technology\debug\classpratice04_textureandfrogandshadow.exe
e:\robot visualization technology\code\opengl\robot visualization technology\debug\classpratice04_textureandfrogandshadow.pdb
e:\robot visualization technology\code\opengl\robot visualization technology\classpratice04_textureandfrogandshadow\debug\classpra.3b7b696a.tlog\cl.command.1.tlog
e:\robot visualization technology\code\opengl\robot visualization technology\classpratice04_textureandfrogandshadow\debug\classpra.3b7b696a.tlog\cl.read.1.tlog
e:\robot visualization technology\code\opengl\robot visualization technology\classpratice04_textureandfrogandshadow\debug\classpra.3b7b696a.tlog\cl.write.1.tlog
e:\robot visualization technology\code\opengl\robot visualization technology\classpratice04_textureandfrogandshadow\debug\classpra.3b7b696a.tlog\link.command.1.tlog
e:\robot visualization technology\code\opengl\robot visualization technology\classpratice04_textureandfrogandshadow\debug\classpra.3b7b696a.tlog\link.read.1.tlog
e:\robot visualization technology\code\opengl\robot visualization technology\classpratice04_textureandfrogandshadow\debug\classpra.3b7b696a.tlog\link.write.1.tlog
